2024-08-30 19:19:50,195 [DEBUG] Mock GPIO setmode: BCM
2024-08-30 19:19:50,196 [DEBUG] Mock GPIO setup: pin 23, mode OUT
2024-08-30 19:19:50,196 [DEBUG] Mock GPIO setup: pin 24, mode IN
2024-08-30 19:19:50,196 [DEBUG] Mock GPIO output: pin 23, state False
2024-08-30 19:19:52,197 [DEBUG] Mock GPIO output: pin 23, state True
2024-08-30 19:19:52,199 [DEBUG] Mock GPIO output: pin 23, state False
2024-08-30 19:19:52,200 [DEBUG] Mock GPIO input called on pin 24
2024-08-30 19:19:52,201 [DEBUG] Mock GPIO input called on pin 24
2024-08-30 19:19:52,202 [DEBUG] Measured distance: 0.0 cm
2024-08-30 19:19:52,203 [INFO] Sent: {'sensor': 'ultrasonic', 'distance': 0.0}
2024-08-30 19:19:53,215 [DEBUG] Mock GPIO output: pin 23, state False
2024-08-30 19:19:55,216 [DEBUG] Mock GPIO output: pin 23, state True
2024-08-30 19:19:55,218 [DEBUG] Mock GPIO output: pin 23, state False
2024-08-30 19:19:55,219 [DEBUG] Mock GPIO input called on pin 24
2024-08-30 19:19:55,220 [DEBUG] Mock GPIO input called on pin 24
2024-08-30 19:19:55,221 [DEBUG] Measured distance: 0.0 cm
2024-08-30 19:19:55,221 [INFO] Sent: {'sensor': 'ultrasonic', 'distance': 0.0}
2024-08-30 19:19:56,224 [DEBUG] Mock GPIO output: pin 23, state False
2024-08-30 19:19:58,225 [DEBUG] Mock GPIO output: pin 23, state True
2024-08-30 19:19:58,227 [DEBUG] Mock GPIO output: pin 23, state False
2024-08-30 19:19:58,228 [DEBUG] Mock GPIO input called on pin 24
2024-08-30 19:19:58,229 [DEBUG] Mock GPIO input called on pin 24
2024-08-30 19:19:58,230 [DEBUG] Measured distance: 0.0 cm
2024-08-30 19:19:58,231 [INFO] Sent: {'sensor': 'ultrasonic', 'distance': 0.0}
2024-08-30 19:19:59,232 [DEBUG] Mock GPIO output: pin 23, state False
2024-08-30 19:20:01,234 [DEBUG] Mock GPIO output: pin 23, state True
2024-08-30 19:20:01,235 [DEBUG] Mock GPIO output: pin 23, state False
2024-08-30 19:20:01,236 [DEBUG] Mock GPIO input called on pin 24
2024-08-30 19:20:01,236 [DEBUG] Mock GPIO input called on pin 24
2024-08-30 19:20:01,237 [DEBUG] Measured distance: 0.0 cm
2024-08-30 19:20:01,238 [INFO] Sent: {'sensor': 'ultrasonic', 'distance': 0.0}
2024-08-30 19:20:02,240 [DEBUG] Mock GPIO output: pin 23, state False
2024-08-30 19:20:04,240 [DEBUG] Mock GPIO output: pin 23, state True
2024-08-30 19:20:04,242 [DEBUG] Mock GPIO output: pin 23, state False
2024-08-30 19:20:04,244 [DEBUG] Mock GPIO input called on pin 24
2024-08-30 19:20:04,245 [DEBUG] Mock GPIO input called on pin 24
2024-08-30 19:20:04,247 [DEBUG] Measured distance: 0.0 cm
2024-08-30 19:20:04,248 [INFO] Sent: {'sensor': 'ultrasonic', 'distance': 0.0}
2024-08-30 19:20:05,250 [DEBUG] Mock GPIO output: pin 23, state False
2024-08-30 19:20:07,252 [DEBUG] Mock GPIO output: pin 23, state True
2024-08-30 19:20:07,255 [DEBUG] Mock GPIO output: pin 23, state False
2024-08-30 19:20:07,256 [DEBUG] Mock GPIO input called on pin 24
2024-08-30 19:20:07,257 [DEBUG] Mock GPIO input called on pin 24
2024-08-30 19:20:07,257 [DEBUG] Measured distance: 0.0 cm
2024-08-30 19:20:07,258 [INFO] Sent: {'sensor': 'ultrasonic', 'distance': 0.0}
2024-08-30 19:20:07,438 [INFO] Measurement stopped by user
2024-08-30 19:20:07,440 [DEBUG] Mock GPIO cleanup
